生成启动时间为 2018/5/10/周四 10:54:21。
     1>项目“D:\opencv_projects\海康威视easydrawin平台\ffmpeg_RTSP_HK\ffmpeg_RTSP_HK\ffmpeg_RTSP_HK.vcxproj”在节点 2 上(Build 个目标)。
     1>ClCompile:
         D:\安装后文件\vs2015\VC\bin\CL.exe /c /ZI /nologo /W3 /WX- /sdl- /Od /Oy- /D WIN32 /D _DEBUG /D _CONSOLE /D _UNICODE /D UNICODE /Gm /EHsc /RTC1 /MDd /GS /fp:precise /Zc:wchar_t /Zc:forScope /Zc:inline /Fo"Debug\\" /Fd"Debug\vc140.pdb" /Gd /TP /analyze- /errorReport:prompt MyEncoder.cpp
         MyEncoder.cpp
     1>d:\easydrawing\ffmpeg\ffmpegwin32-dev\include\libavutil\rational.h : warning C4819: 该文件包含不能在当前代码页(936)中表示的字符。请将该文件保存为 Unicode 格式以防止数据丢失
     1>d:\opencv_projects\海康威视easydrawin平台\ffmpeg_rtsp_hk\ffmpeg_rtsp_hk\myencoder.cpp(9): warning C4996: 'av_register_all': 被声明为已否决
         d:\easydrawing\ffmpeg\ffmpegwin32-dev\include\libavformat\avformat.h(2025): note: 参见“av_register_all”的声明
     1>d:\opencv_projects\海康威视easydrawin平台\ffmpeg_rtsp_hk\ffmpeg_rtsp_hk\myencoder.cpp(10): warning C4996: 'avcodec_register_all': 被声明为已否决
         d:\easydrawing\ffmpeg\ffmpegwin32-dev\include\libavcodec\avcodec.h(4086): note: 参见“avcodec_register_all”的声明
     1>d:\opencv_projects\海康威视easydrawin平台\ffmpeg_rtsp_hk\ffmpeg_rtsp_hk\myencoder.cpp(42): warning C4996: 'AVStream::codec': 被声明为已否决
         d:\easydrawing\ffmpeg\ffmpegwin32-dev\include\libavformat\avformat.h(877): note: 参见“AVStream::codec”的声明
     1>d:\opencv_projects\海康威视easydrawin平台\ffmpeg_rtsp_hk\ffmpeg_rtsp_hk\myencoder.cpp(63): warning C4996: 'AVStream::codec': 被声明为已否决
         d:\easydrawing\ffmpeg\ffmpegwin32-dev\include\libavformat\avformat.h(877): note: 参见“AVStream::codec”的声明
     1>d:\opencv_projects\海康威视easydrawin平台\ffmpeg_rtsp_hk\ffmpeg_rtsp_hk\myencoder.cpp(90): warning C4996: 'AVStream::codec': 被声明为已否决
         d:\easydrawing\ffmpeg\ffmpegwin32-dev\include\libavformat\avformat.h(877): note: 参见“AVStream::codec”的声明
     1>d:\opencv_projects\海康威视easydrawin平台\ffmpeg_rtsp_hk\ffmpeg_rtsp_hk\myencoder.cpp(105): warning C4996: 'AVCodecContext::coded_frame': 被声明为已否决
         d:\easydrawing\ffmpeg\ffmpegwin32-dev\include\libavcodec\avcodec.h(2760): note: 参见“AVCodecContext::coded_frame”的声明
     1>d:\opencv_projects\海康威视easydrawin平台\ffmpeg_rtsp_hk\ffmpeg_rtsp_hk\myencoder.cpp(112): warning C4996: 'AVStream::codec': 被声明为已否决
         d:\easydrawing\ffmpeg\ffmpegwin32-dev\include\libavformat\avformat.h(877): note: 参见“AVStream::codec”的声明
     1>d:\opencv_projects\海康威视easydrawin平台\ffmpeg_rtsp_hk\ffmpeg_rtsp_hk\myencoder.cpp(116): warning C4996: 'AVStream::codec': 被声明为已否决
         d:\easydrawing\ffmpeg\ffmpegwin32-dev\include\libavformat\avformat.h(877): note: 参见“AVStream::codec”的声明
     1>d:\opencv_projects\海康威视easydrawin平台\ffmpeg_rtsp_hk\ffmpeg_rtsp_hk\myencoder.cpp(79): warning C4996: 'avpicture_fill': 被声明为已否决
         d:\easydrawing\ffmpeg\ffmpegwin32-dev\include\libavcodec\avcodec.h(5419): note: 参见“avpicture_fill”的声明
     1>d:\opencv_projects\海康威视easydrawin平台\ffmpeg_rtsp_hk\ffmpeg_rtsp_hk\myencoder.cpp(81): warning C4996: 'avpicture_fill': 被声明为已否决
         d:\easydrawing\ffmpeg\ffmpegwin32-dev\include\libavcodec\avcodec.h(5419): note: 参见“avpicture_fill”的声明
     1>d:\opencv_projects\海康威视easydrawin平台\ffmpeg_rtsp_hk\ffmpeg_rtsp_hk\myencoder.cpp(91): warning C4996: 'avcodec_encode_video2': 被声明为已否决
         d:\easydrawing\ffmpeg\ffmpegwin32-dev\include\libavcodec\avcodec.h(5386): note: 参见“avcodec_encode_video2”的声明
     1>d:\opencv_projects\海康威视easydrawin平台\ffmpeg_rtsp_hk\ffmpeg_rtsp_hk\myencoder.cpp(121): warning C4996: 'av_free_packet': 被声明为已否决
         d:\easydrawing\ffmpeg\ffmpegwin32-dev\include\libavcodec\avcodec.h(4400): note: 参见“av_free_packet”的声明
       Link:
         D:\安装后文件\vs2015\VC\bin\link.exe /ERRORREPORT:PROMPT /OUT:"D:\opencv_projects\海康威视easydrawin平台\ffmpeg_RTSP_HK\Debug\ffmpeg_RTSP_HK.exe" /INCREMENTAL /NOLOGO swscale.lib avcodec.lib avutil.lib avformat.lib HCNetSDK.lib PlayCtrl.lib HCAlarm.lib HCGeneralCfgMgr.lib HCPreview.lib kernel32.lib opencv_ml249d.lib opencv_calib3d249d.lib opencv_contrib249d.lib opencv_core249d.lib opencv_features2d249d.lib opencv_flann249d.lib opencv_gpu249d.lib opencv_highgui249d.lib opencv_imgproc249d.lib opencv_legacy249d.lib opencv_objdetect249d.lib opencv_ts249d.lib opencv_video249d.lib opencv_nonfree249d.lib opencv_ocl249d.lib opencv_photo249d.lib opencv_stitching249d.lib opencv_superres249d.lib opencv_videostab249d.lib opencv_objdetect249.lib opencv_ts249.lib opencv_video249.lib opencv_nonfree249.lib opencv_ocl249.lib opencv_photo249.lib opencv_stitching249.lib opencv_superres249.lib opencv_videostab249.lib opencv_calib3d249.lib opencv_contrib249.lib opencv_core249.lib opencv_features2d249.lib opencv_flann249.lib opencv_gpu249.lib opencv_highgui249.lib opencv_imgproc249.lib opencv_legacy249.lib opencv_ml249.lib GdiPlus.lib HCCore.lib HCNetSDK.lib PlayCtrl.lib HCAlarm.lib HCGeneralCfgMgr.lib HCPreview.lib kernel32.lib user32.lib gdi32.lib winspool.lib comdlg32.lib advapi32.lib shell32.lib ole32.lib oleaut32.lib uuid.lib odbc32.lib odbccp32.lib /MANIFEST /MANIFESTUAC:"level='asInvoker' uiAccess='false'" /manifest:embed /Debug /PDB:"D:\opencv_projects\海康威视easydrawin平台\ffmpeg_RTSP_HK\Debug\ffmpeg_RTSP_HK.pdb" /SUBSYSTEM:CONSOLE /TLBID:1 /DYNAMICBASE /NXCOMPAT /IMPLIB:"D:\opencv_projects\海康威视easydrawin平台\ffmpeg_RTSP_HK\Debug\ffmpeg_RTSP_HK.lib" /MACHINE:X86 Debug\ffmpeg_RTSP_HK.obj
         Debug\MyEncoder.obj
         Debug\stdafx.obj
         ffmpeg_RTSP_HK.vcxproj -> D:\opencv_projects\海康威视easydrawin平台\ffmpeg_RTSP_HK\Debug\ffmpeg_RTSP_HK.exe
     1>已完成生成项目“D:\opencv_projects\海康威视easydrawin平台\ffmpeg_RTSP_HK\ffmpeg_RTSP_HK\ffmpeg_RTSP_HK.vcxproj”(Build 个目标)的操作。

已成功生成。

已用时间 00:00:01.33
